<?xml version="1.0" encoding="UTF-8"?>
<testng-results ignored="0" total="3" passed="3" failed="0" skipped="0">
  <reporter-output>
  </reporter-output>
  <suite started-at="2025-01-29T12:31:18 IST" name="Default suite" finished-at="2025-01-29T12:31:23 IST" duration-ms="4678">
    <groups>
    </groups>
    <test started-at="2025-01-29T12:31:18 IST" name="Default test" finished-at="2025-01-29T12:31:23 IST" duration-ms="4678">
      <class name="files.DynamicJson">
        <test-method signature="addBook(java.lang.String,java.lang.String)[pri:0, instance:files.DynamicJson@4c51bb7]" started-at="2025-01-29T12:31:18 IST" name="addBook" data-provider="BooksData" finished-at="2025-01-29T12:31:22 IST" duration-ms="4132" status="PASS">
          <params>
            <param index="0">
              <value>
                <![CDATA[qwer]]>
              </value>
            </param>
            <param index="1">
              <value>
                <![CDATA[437]]>
              </value>
            </param>
          </params>
          <reporter-output>
          </reporter-output>
        </test-method> <!-- addBook -->
        <test-method signature="addBook(java.lang.String,java.lang.String)[pri:0, instance:files.DynamicJson@4c51bb7]" started-at="2025-01-29T12:31:22 IST" name="addBook" data-provider="BooksData" finished-at="2025-01-29T12:31:22 IST" duration-ms="214" status="PASS">
          <params>
            <param index="0">
              <value>
                <![CDATA[zxcv]]>
              </value>
            </param>
            <param index="1">
              <value>
                <![CDATA[947]]>
              </value>
            </param>
          </params>
          <reporter-output>
          </reporter-output>
        </test-method> <!-- addBook -->
        <test-method signature="addBook(java.lang.String,java.lang.String)[pri:0, instance:files.DynamicJson@4c51bb7]" started-at="2025-01-29T12:31:22 IST" name="addBook" data-provider="BooksData" finished-at="2025-01-29T12:31:23 IST" duration-ms="207" status="PASS">
          <params>
            <param index="0">
              <value>
                <![CDATA[poi]]>
              </value>
            </param>
            <param index="1">
              <value>
                <![CDATA[838]]>
              </value>
            </param>
          </params>
          <reporter-output>
          </reporter-output>
        </test-method> <!-- addBook -->
      </class> <!-- files.DynamicJson -->
    </test> <!-- Default test -->
  </suite> <!-- Default suite -->
</testng-results>
